졸프관련 opensource/WiFiDirectFileTransfer/app/build/outputs/logs/manifest-merger-debug-report.txt
-- Merging decision tree log ---
manifest
ADDED from src\main\AndroidManifest.xml:1:1-61:12
	package
		ADDED from src\main\AndroidManifest.xml:2:5-54
		INJECTED from src\main\AndroidManifest.xml
		INJECTED from src\main\AndroidManifest.xml
	android:versionName
		ADDED from src\main\AndroidManifest.xml:4:5-30
		INJECTED from src\main\AndroidManifest.xml
		INJECTED from src\main\AndroidManifest.xml
	android:versionCode
		ADDED from src\main\AndroidManifest.xml:3:5-28
		INJECTED from src\main\AndroidManifest.xml
		INJECTED from src\main\AndroidManifest.xml
	xmlns:android
		ADDED from src\main\AndroidManifest.xml:1:11-69
uses-sdk
ADDED from src\main\AndroidManifest.xml:8:5-10:41
	android:targetSdkVersion
		ADDED from src\main\AndroidManifest.xml:10:9-38
		INJECTED from src\main\AndroidManifest.xml
		INJECTED from src\main\AndroidManifest.xml
	android:minSdkVersion
		ADDED from src\main\AndroidManifest.xml:9:9-35
		INJECTED from src\main\AndroidManifest.xml
		INJECTED from src\main\AndroidManifest.xml
uses-permission#android.permission.ACCESS_WIFI_STATE
ADDED from src\main\AndroidManifest.xml:12:7-77
	android:name
		ADDED from src\main\AndroidManifest.xml:12:24-75
uses-permission#android.permission.CHANGE_WIFI_STATE
ADDED from src\main\AndroidManifest.xml:13:5-75
	android:name
		ADDED from src\main\AndroidManifest.xml:13:22-73
uses-permission#android.permission.CHANGE_NETWORK_STATE
ADDED from src\main\AndroidManifest.xml:14:5-78
	android:name
		ADDED from src\main\AndroidManifest.xml:14:22-76
uses-permission#android.permission.INTERNET
ADDED from src\main\AndroidManifest.xml:15:5-66
	android:name
		ADDED from src\main\AndroidManifest.xml:15:22-64
uses-permission#android.permission.ACCESS_NETWORK_STATE
ADDED from src\main\AndroidManifest.xml:16:5-78
	android:name
		ADDED from src\main\AndroidManifest.xml:16:22-76
uses-permission#android.permission.READ_EXTERNAL_STORAGE
ADDED from src\main\AndroidManifest.xml:17:5-80
	android:name
		ADDED from src\main\AndroidManifest.xml:17:22-77
uses-permission#android.permission.WRITE_EXTERNAL_STORAGE
ADDED from src\main\AndroidManifest.xml:18:5-81
	android:name
		ADDED from src\main\AndroidManifest.xml:18:22-78
application
ADDED from src\main\AndroidManifest.xml:20:5-59:19
	android:label
		ADDED from src\main\AndroidManifest.xml:22:9-41
	android:icon
		ADDED from src\main\AndroidManifest.xml:21:9-45
	android:theme
		ADDED from src\main\AndroidManifest.xml:23:9-40
activity#edu.pdx.cs410.wifi.direct.file.transfer.MainActivity
ADDED from src\main\AndroidManifest.xml:24:9-33:20
	android:screenOrientation
		ADDED from src\main\AndroidManifest.xml:27:14-50
	android:label
		ADDED from src\main\AndroidManifest.xml:26:13-56
	android:name
		ADDED from src\main\AndroidManifest.xml:25:13-41
intent-filter#android.intent.action.MAIN+android.intent.category.LAUNCHER
ADDED from src\main\AndroidManifest.xml:28:13-32:29
action#android.intent.action.MAIN
ADDED from src\main\AndroidManifest.xml:29:17-69
	android:name
		ADDED from src\main\AndroidManifest.xml:29:25-66
category#android.intent.category.LAUNCHER
ADDED from src\main\AndroidManifest.xml:31:17-77
	android:name
		ADDED from src\main\AndroidManifest.xml:31:27-74
service#edu.pdx.cs410.wifi.direct.file.transfer.ServerService
ADDED from src\main\AndroidManifest.xml:35:9-37:40
	android:exported
		ADDED from src\main\AndroidManifest.xml:37:13-37
	android:name
		ADDED from src\main\AndroidManifest.xml:36:13-42
service#edu.pdx.cs410.wifi.direct.file.transfer.ClientService
ADDED from src\main\AndroidManifest.xml:38:9-40:40
	android:exported
		ADDED from src\main\AndroidManifest.xml:40:13-37
	android:name
		ADDED from src\main\AndroidManifest.xml:39:13-42
activity#edu.pdx.cs410.wifi.direct.file.transfer.FileBrowser
ADDED from src\main\AndroidManifest.xml:42:9-50:20
	android:screenOrientation
		ADDED from src\main\AndroidManifest.xml:45:13-49
	android:label
		ADDED from src\main\AndroidManifest.xml:44:13-64
	android:name
		ADDED from src\main\AndroidManifest.xml:43:13-40
meta-data#android.support.PARENT_ACTIVITY
ADDED from src\main\AndroidManifest.xml:47:13-49:88
	android:value
		ADDED from src\main\AndroidManifest.xml:49:17-85
	android:name
		ADDED from src\main\AndroidManifest.xml:48:17-63
activity#edu.pdx.cs410.wifi.direct.file.transfer.ClientActivity
ADDED from src\main\AndroidManifest.xml:51:9-58:20
	android:screenOrientation
		ADDED from src\main\AndroidManifest.xml:54:14-50
	android:label
		ADDED from src\main\AndroidManifest.xml:53:13-58
	android:name
		ADDED from src\main\AndroidManifest.xml:52:13-43